<?xml version="1.0" encoding="UTF-8"?>
<!-- Generated by org.testng.reporters.JUnitReportReporter -->
<testsuite hostname="Dewans-MBP.lan" failures="0" tests="1" name="pages.HomePageTest" time="9.141" errors="0" timestamp="2024-06-01T00:54:57 EDT" skipped="0">
  <testcase classname="pages.HomePageTest" name="clickmenu" time="9.141"/>
  <system-out/>
</testsuite> <!-- pages.HomePageTest -->
